<?xml version="1.0" encoding="UTF-8"?>
<!-- Generated by org.testng.reporters.JUnitReportReporter -->
<testsuite hostname="ACER" name="com.qa.APITest.GetAPI" tests="1" failures="0" timestamp="17 Apr 2020 06:58:56 GMT" time="1.783" errors="0">
  <testcase name="GetAPITest" time="1.783" classname="com.qa.APITest.GetAPI"/>
</testsuite> <!-- com.qa.APITest.GetAPI -->
