<?xml version="1.0" encoding="UTF-8"?>
<!-- Generated by org.testng.reporters.JUnitReportReporter -->
<testsuite hostname="ACER" name="com.qa.APITest.PostAPITest" tests="1" failures="0" timestamp="18 Apr 2020 15:31:12 GMT" time="2.220" errors="0">
  <testcase name="PostAPI" time="2.220" classname="com.qa.APITest.PostAPITest"/>
</testsuite> <!-- com.qa.APITest.PostAPITest -->
